<?xml version="1.0" encoding="UTF-8"?>
<!-- Generated by org.testng.reporters.JUnitReportReporter -->
<testsuite hostname="ARPGL007071" failures="0" tests="1" name="Tests.AddPlace" time="2.497" errors="0" timestamp="2021-12-25T19:06:59 IST" skipped="0">
  <testcase classname="Tests.AddPlace" name="test_AddPlace" time="2.497"/>
  <system-out/>
</testsuite> <!-- Tests.AddPlace -->
