<?xml version="1.0" encoding="UTF-8"?>
<!-- Generated by org.testng.reporters.JUnitReportReporter -->
<testsuite hostname="ARPGL007071" failures="0" tests="1" name="Tests.UpdatePlace" time="4.056" errors="0" timestamp="2021-12-24T11:52:49 IST" skipped="0">
  <testcase classname="Tests.UpdatePlace" name="test_updatePlace" time="4.056"/>
  <system-out/>
</testsuite> <!-- Tests.UpdatePlace -->
