<?xml version="1.0" encoding="UTF-8"?>
<!-- Generated by org.testng.reporters.JUnitReportReporter -->
<testsuite hostname="ARPGL007071" failures="0" tests="1" name="Tests.DeletePlace" time="5.911" errors="0" timestamp="2021-12-25T19:07:25 IST" skipped="0">
  <testcase classname="Tests.DeletePlace" name="test_deletePlace" time="5.911"/>
  <system-out/>
</testsuite> <!-- Tests.DeletePlace -->
