<?xml version="1.0" encoding="UTF-8"?>
<!-- Generated by org.testng.reporters.JUnitReportReporter -->
<testsuite hostname="ARPGL007071" failures="0" tests="1" name="Tests.GetPlace" time="3.037" errors="0" timestamp="2021-12-24T11:53:44 IST" skipped="0">
  <testcase classname="Tests.GetPlace" name="test_GETPlace" time="3.037"/>
  <system-out/>
</testsuite> <!-- Tests.GetPlace -->
