<?xml version="1.0" encoding="UTF-8"?>
<!-- Generated by org.testng.reporters.JUnitReportReporter -->
<testsuite hostname="ARPGL007071" failures="0" tests="1" name="Tests.EndToEnd" time="9.758" errors="0" timestamp="2021-12-25T19:20:14 IST" skipped="0">
  <testcase classname="Tests.EndToEnd" name="test_AddPlace_UpdateAddress_DeletePlace" time="9.758"/>
  <system-out/>
</testsuite> <!-- Tests.EndToEnd -->
